d:\pd(iti mansoura)\data structure c++\abdelatif\lastlastone\debug\pt project.bsc
d:\pd(iti mansoura)\data structure c++\abdelatif\lastlastone\debug\vc143.pdb
d:\pd(iti mansoura)\data structure c++\abdelatif\lastlastone\debug\vc143.idb
d:\pd(iti mansoura)\data structure c++\abdelatif\lastlastone\debug\main.sbr
d:\pd(iti mansoura)\data structure c++\abdelatif\lastlastone\debug\applicationmanager.sbr
d:\pd(iti mansoura)\data structure c++\abdelatif\lastlastone\debug\gui.sbr
d:\pd(iti mansoura)\data structure c++\abdelatif\lastlastone\debug\cellipse.sbr
d:\pd(iti mansoura)\data structure c++\abdelatif\lastlastone\debug\actionaddsquare.sbr
d:\pd(iti mansoura)\data structure c++\abdelatif\lastlastone\debug\csquare.sbr
d:\pd(iti mansoura)\data structure c++\abdelatif\lastlastone\debug\chexagon.sbr
d:\pd(iti mansoura)\data structure c++\abdelatif\lastlastone\debug\cfigure.sbr
d:\pd(iti mansoura)\data structure c++\abdelatif\lastlastone\debug\windowinput.sbr
d:\pd(iti mansoura)\data structure c++\abdelatif\lastlastone\debug\mousequeue.sbr
d:\pd(iti mansoura)\data structure c++\abdelatif\lastlastone\debug\keyqueue.sbr
d:\pd(iti mansoura)\data structure c++\abdelatif\lastlastone\debug\image.sbr
d:\pd(iti mansoura)\data structure c++\abdelatif\lastlastone\debug\cmugraphics.sbr
d:\pd(iti mansoura)\data structure c++\abdelatif\lastlastone\debug\auxil.sbr
d:\pd(iti mansoura)\data structure c++\abdelatif\lastlastone\debug\actionswitchtoplaymode.sbr
d:\pd(iti mansoura)\data structure c++\abdelatif\lastlastone\debug\actionswitchtodrawmode.sbr
d:\pd(iti mansoura)\data structure c++\abdelatif\lastlastone\debug\actionsendback.sbr
d:\pd(iti mansoura)\data structure c++\abdelatif\lastlastone\debug\actionselect.sbr
d:\pd(iti mansoura)\data structure c++\abdelatif\lastlastone\debug\actionsave.sbr
d:\pd(iti mansoura)\data structure c++\abdelatif\lastlastone\debug\actionresize.sbr
d:\pd(iti mansoura)\data structure c++\abdelatif\lastlastone\debug\actionresize.obj
d:\pd(iti mansoura)\data structure c++\abdelatif\lastlastone\debug\actionsave.obj
d:\pd(iti mansoura)\data structure c++\abdelatif\lastlastone\debug\actionselect.obj
d:\pd(iti mansoura)\data structure c++\abdelatif\lastlastone\debug\actionsendback.obj
d:\pd(iti mansoura)\data structure c++\abdelatif\lastlastone\debug\actionswitchtodrawmode.obj
d:\pd(iti mansoura)\data structure c++\abdelatif\lastlastone\debug\actionswitchtoplaymode.obj
d:\pd(iti mansoura)\data structure c++\abdelatif\lastlastone\debug\auxil.obj
d:\pd(iti mansoura)\data structure c++\abdelatif\lastlastone\debug\cmugraphics.obj
d:\pd(iti mansoura)\data structure c++\abdelatif\lastlastone\debug\image.obj
d:\pd(iti mansoura)\data structure c++\abdelatif\lastlastone\debug\keyqueue.obj
d:\pd(iti mansoura)\data structure c++\abdelatif\lastlastone\debug\mousequeue.obj
d:\pd(iti mansoura)\data structure c++\abdelatif\lastlastone\debug\windowinput.obj
d:\pd(iti mansoura)\data structure c++\abdelatif\lastlastone\debug\cfigure.obj
d:\pd(iti mansoura)\data structure c++\abdelatif\lastlastone\debug\chexagon.obj
d:\pd(iti mansoura)\data structure c++\abdelatif\lastlastone\debug\csquare.obj
d:\pd(iti mansoura)\data structure c++\abdelatif\lastlastone\debug\actionaddsquare.obj
d:\pd(iti mansoura)\data structure c++\abdelatif\lastlastone\debug\cellipse.obj
d:\pd(iti mansoura)\data structure c++\abdelatif\lastlastone\debug\gui.obj
d:\pd(iti mansoura)\data structure c++\abdelatif\lastlastone\debug\applicationmanager.obj
d:\pd(iti mansoura)\data structure c++\abdelatif\lastlastone\debug\main.obj
d:\pd(iti mansoura)\data structure c++\abdelatif\lastlastone\debug\actionpickbytype.sbr
d:\pd(iti mansoura)\data structure c++\abdelatif\lastlastone\debug\actionpickbycolor.sbr
d:\pd(iti mansoura)\data structure c++\abdelatif\lastlastone\debug\actionload.sbr
d:\pd(iti mansoura)\data structure c++\abdelatif\lastlastone\debug\actionfillcolor.sbr
d:\pd(iti mansoura)\data structure c++\abdelatif\lastlastone\debug\actiondelete.sbr
d:\pd(iti mansoura)\data structure c++\abdelatif\lastlastone\debug\actionchangecolor.sbr
d:\pd(iti mansoura)\data structure c++\abdelatif\lastlastone\debug\actionchangebackground.sbr
d:\pd(iti mansoura)\data structure c++\abdelatif\lastlastone\debug\actionbringfront.sbr
d:\pd(iti mansoura)\data structure c++\abdelatif\lastlastone\debug\actionaddhexagon.sbr
d:\pd(iti mansoura)\data structure c++\abdelatif\lastlastone\debug\actionaddellipse.sbr
d:\pd(iti mansoura)\data structure c++\abdelatif\lastlastone\debug\actionaddellipse.obj
d:\pd(iti mansoura)\data structure c++\abdelatif\lastlastone\debug\actionaddhexagon.obj
d:\pd(iti mansoura)\data structure c++\abdelatif\lastlastone\debug\actionbringfront.obj
d:\pd(iti mansoura)\data structure c++\abdelatif\lastlastone\debug\actionchangebackground.obj
d:\pd(iti mansoura)\data structure c++\abdelatif\lastlastone\debug\actionchangecolor.obj
d:\pd(iti mansoura)\data structure c++\abdelatif\lastlastone\debug\actiondelete.obj
d:\pd(iti mansoura)\data structure c++\abdelatif\lastlastone\debug\actionfillcolor.obj
d:\pd(iti mansoura)\data structure c++\abdelatif\lastlastone\debug\actionload.obj
d:\pd(iti mansoura)\data structure c++\abdelatif\lastlastone\debug\actionpickbycolor.obj
d:\pd(iti mansoura)\data structure c++\abdelatif\lastlastone\debug\actionpickbytype.obj
d:\pd(iti mansoura)\data structure c++\abdelatif\lastlastone\debug\jutils.sbr
d:\pd(iti mansoura)\data structure c++\abdelatif\lastlastone\debug\jquant2.sbr
d:\pd(iti mansoura)\data structure c++\abdelatif\lastlastone\debug\jquant1.sbr
d:\pd(iti mansoura)\data structure c++\abdelatif\lastlastone\debug\jmemnobs.sbr
d:\pd(iti mansoura)\data structure c++\abdelatif\lastlastone\debug\jmemmgr.sbr
d:\pd(iti mansoura)\data structure c++\abdelatif\lastlastone\debug\jidctred.sbr
d:\pd(iti mansoura)\data structure c++\abdelatif\lastlastone\debug\jidctint.sbr
d:\pd(iti mansoura)\data structure c++\abdelatif\lastlastone\debug\jidctfst.sbr
d:\pd(iti mansoura)\data structure c++\abdelatif\lastlastone\debug\jidctflt.sbr
d:\pd(iti mansoura)\data structure c++\abdelatif\lastlastone\debug\jerror.sbr
d:\pd(iti mansoura)\data structure c++\abdelatif\lastlastone\debug\jdtrans.sbr
d:\pd(iti mansoura)\data structure c++\abdelatif\lastlastone\debug\jdsample.sbr
d:\pd(iti mansoura)\data structure c++\abdelatif\lastlastone\debug\jdpostct.sbr
d:\pd(iti mansoura)\data structure c++\abdelatif\lastlastone\debug\jdphuff.sbr
d:\pd(iti mansoura)\data structure c++\abdelatif\lastlastone\debug\jdmerge.sbr
d:\pd(iti mansoura)\data structure c++\abdelatif\lastlastone\debug\jdmaster.sbr
d:\pd(iti mansoura)\data structure c++\abdelatif\lastlastone\debug\jdmarker.sbr
d:\pd(iti mansoura)\data structure c++\abdelatif\lastlastone\debug\jdmainct.sbr
d:\pd(iti mansoura)\data structure c++\abdelatif\lastlastone\debug\jdinput.sbr
d:\pd(iti mansoura)\data structure c++\abdelatif\lastlastone\debug\jdhuff.sbr
d:\pd(iti mansoura)\data structure c++\abdelatif\lastlastone\debug\jdhuff.obj
d:\pd(iti mansoura)\data structure c++\abdelatif\lastlastone\debug\jdinput.obj
d:\pd(iti mansoura)\data structure c++\abdelatif\lastlastone\debug\jdmainct.obj
d:\pd(iti mansoura)\data structure c++\abdelatif\lastlastone\debug\jdmarker.obj
d:\pd(iti mansoura)\data structure c++\abdelatif\lastlastone\debug\jdmaster.obj
d:\pd(iti mansoura)\data structure c++\abdelatif\lastlastone\debug\jdmerge.obj
d:\pd(iti mansoura)\data structure c++\abdelatif\lastlastone\debug\jdphuff.obj
d:\pd(iti mansoura)\data structure c++\abdelatif\lastlastone\debug\jdpostct.obj
d:\pd(iti mansoura)\data structure c++\abdelatif\lastlastone\debug\jdsample.obj
d:\pd(iti mansoura)\data structure c++\abdelatif\lastlastone\debug\jdtrans.obj
d:\pd(iti mansoura)\data structure c++\abdelatif\lastlastone\debug\jerror.obj
d:\pd(iti mansoura)\data structure c++\abdelatif\lastlastone\debug\jidctflt.obj
d:\pd(iti mansoura)\data structure c++\abdelatif\lastlastone\debug\jidctfst.obj
d:\pd(iti mansoura)\data structure c++\abdelatif\lastlastone\debug\jidctint.obj
d:\pd(iti mansoura)\data structure c++\abdelatif\lastlastone\debug\jidctred.obj
d:\pd(iti mansoura)\data structure c++\abdelatif\lastlastone\debug\jmemmgr.obj
d:\pd(iti mansoura)\data structure c++\abdelatif\lastlastone\debug\jmemnobs.obj
d:\pd(iti mansoura)\data structure c++\abdelatif\lastlastone\debug\jquant1.obj
d:\pd(iti mansoura)\data structure c++\abdelatif\lastlastone\debug\jquant2.obj
d:\pd(iti mansoura)\data structure c++\abdelatif\lastlastone\debug\jutils.obj
d:\pd(iti mansoura)\data structure c++\abdelatif\lastlastone\debug\jddctmgr.sbr
d:\pd(iti mansoura)\data structure c++\abdelatif\lastlastone\debug\jdcolor.sbr
d:\pd(iti mansoura)\data structure c++\abdelatif\lastlastone\debug\jdcoefct.sbr
d:\pd(iti mansoura)\data structure c++\abdelatif\lastlastone\debug\jdatasrc.sbr
d:\pd(iti mansoura)\data structure c++\abdelatif\lastlastone\debug\jdapistd.sbr
d:\pd(iti mansoura)\data structure c++\abdelatif\lastlastone\debug\jdapimin.sbr
d:\pd(iti mansoura)\data structure c++\abdelatif\lastlastone\debug\jcparam.sbr
d:\pd(iti mansoura)\data structure c++\abdelatif\lastlastone\debug\jcomapi.sbr
d:\pd(iti mansoura)\data structure c++\abdelatif\lastlastone\debug\jpegload.sbr
d:\pd(iti mansoura)\data structure c++\abdelatif\lastlastone\debug\jpegload.obj
d:\pd(iti mansoura)\data structure c++\abdelatif\lastlastone\debug\jcomapi.obj
d:\pd(iti mansoura)\data structure c++\abdelatif\lastlastone\debug\jcparam.obj
d:\pd(iti mansoura)\data structure c++\abdelatif\lastlastone\debug\jdapimin.obj
d:\pd(iti mansoura)\data structure c++\abdelatif\lastlastone\debug\jdapistd.obj
d:\pd(iti mansoura)\data structure c++\abdelatif\lastlastone\debug\jdatasrc.obj
d:\pd(iti mansoura)\data structure c++\abdelatif\lastlastone\debug\jdcoefct.obj
d:\pd(iti mansoura)\data structure c++\abdelatif\lastlastone\debug\jdcolor.obj
d:\pd(iti mansoura)\data structure c++\abdelatif\lastlastone\debug\jddctmgr.obj
d:\pd(iti mansoura)\data structure c++\abdelatif\lastlastone\debug\actionplayboth.sbr
d:\pd(iti mansoura)\data structure c++\abdelatif\lastlastone\debug\actionplayboth.obj
d:\pd(iti mansoura)\data structure c++\abdelatif\lastlastone\debug\pt project.exe
d:\pd(iti mansoura)\data structure c++\abdelatif\lastlastone\debug\pt project.ilk
d:\pd(iti mansoura)\data structure c++\abdelatif\lastlastone\debug\pt project.pdb
d:\pd(iti mansoura)\data structure c++\abdelatif\lastlastone\debug\pt project.tlog\bscmake.command.1.tlog
d:\pd(iti mansoura)\data structure c++\abdelatif\lastlastone\debug\pt project.tlog\bscmake.read.1.tlog
d:\pd(iti mansoura)\data structure c++\abdelatif\lastlastone\debug\pt project.tlog\bscmake.write.1.tlog
d:\pd(iti mansoura)\data structure c++\abdelatif\lastlastone\debug\pt project.tlog\cl.command.1.tlog
d:\pd(iti mansoura)\data structure c++\abdelatif\lastlastone\debug\pt project.tlog\cl.items.tlog
d:\pd(iti mansoura)\data structure c++\abdelatif\lastlastone\debug\pt project.tlog\cl.read.1.tlog
d:\pd(iti mansoura)\data structure c++\abdelatif\lastlastone\debug\pt project.tlog\cl.write.1.tlog
d:\pd(iti mansoura)\data structure c++\abdelatif\lastlastone\debug\pt project.tlog\link.command.1.tlog
d:\pd(iti mansoura)\data structure c++\abdelatif\lastlastone\debug\pt project.tlog\link.read.1.tlog
d:\pd(iti mansoura)\data structure c++\abdelatif\lastlastone\debug\pt project.tlog\link.write.1.tlog
